[debug] [2024-08-12T05:12:56.166Z] ----------------------------------------------------------------------
[debug] [2024-08-12T05:12:56.171Z] Command:       C:\Program Files\nodejs\node.exe C:\Users\Hp\AppData\Roaming\npm\node_modules\firebase-tools\lib\bin\firebase.js init
[debug] [2024-08-12T05:12:56.172Z] CLI Version:   13.15.1
[debug] [2024-08-12T05:12:56.172Z] Platform:      win32
[debug] [2024-08-12T05:12:56.172Z] Node Version:  v20.11.0
[debug] [2024-08-12T05:12:56.172Z] Time:          Mon Aug 12 2024 10:42:56 GMT+0530 (India Standard Time)
[debug] [2024-08-12T05:12:56.172Z] ----------------------------------------------------------------------
[debug] 
[debug] [2024-08-12T05:12:56.182Z] > command requires scopes: ["email","openid","https://www.googleapis.com/auth/cloudplatformprojects.readonly","https://www.googleapis.com/auth/firebase","https://www.googleapis.com/auth/cloud-platform"]
[debug] [2024-08-12T05:12:56.183Z] > authorizing via signed-in user (mgpskhushi9746@gmail.com)
[info] 
     ######## #### ########  ######## ########     ###     ######  ########
     ##        ##  ##     ## ##       ##     ##  ##   ##  ##       ##
     ######    ##  ########  ######   ########  #########  ######  ######
     ##        ##  ##    ##  ##       ##     ## ##     ##       ## ##
     ##       #### ##     ## ######## ########  ##     ##  ######  ########

You're about to initialize a Firebase project in this directory:

  D:\netflix-gpt

[info] 
=== Project Setup
[info] 
[info] First, let's associate this project directory with a Firebase project.
[info] You can create multiple project aliases by running firebase use --add, 
[info] but for now we'll just set up a default project.
[info] 
[debug] [2024-08-12T05:15:36.966Z] >>> [apiv2][query] GET https://firebase.googleapis.com/v1beta1/projects pageSize=100
[debug] [2024-08-12T05:15:38.042Z] <<< [apiv2][status] GET https://firebase.googleapis.com/v1beta1/projects 200
[debug] [2024-08-12T05:15:38.043Z] <<< [apiv2][body] GET https://firebase.googleapis.com/v1beta1/projects [omitted]
[info] i  Using project netflixgpt-e9de3 (Netflixgpt) 
[info] 
=== Hosting Setup
[debug] [2024-08-12T05:18:52.107Z] >>> [apiv2][query] GET https://firebase.googleapis.com/v1beta1/projects/netflixgpt-e9de3 [none]
[debug] [2024-08-12T05:18:52.884Z] <<< [apiv2][status] GET https://firebase.googleapis.com/v1beta1/projects/netflixgpt-e9de3 200
[debug] [2024-08-12T05:18:52.884Z] <<< [apiv2][body] GET https://firebase.googleapis.com/v1beta1/projects/netflixgpt-e9de3 {"projectId":"netflixgpt-e9de3","projectNumber":"730584765209","displayName":"Netflixgpt","name":"projects/netflixgpt-e9de3","resources":{"hostingSite":"netflixgpt-e9de3"},"state":"ACTIVE","etag":"1_f3809ece-5142-4024-9683-eef7b8346a22"}
[info] 
[info] Your public directory is the folder (relative to your project directory) that
[info] will contain Hosting assets to be uploaded with firebase deploy. If you
[info] have a build process for your assets, use your build's output directory.
[info] 
[info] +  Wrote build/404.html 
[debug] [2024-08-12T05:20:18.088Z] >>> [apiv2][query] GET https://www.gstatic.com/firebasejs/releases.json [none]
[debug] [2024-08-12T05:20:18.866Z] <<< [apiv2][status] GET https://www.gstatic.com/firebasejs/releases.json 200
[debug] [2024-08-12T05:20:18.866Z] <<< [apiv2][body] GET https://www.gstatic.com/firebasejs/releases.json {"current":{"version":"10.12.5","browserURL":"https://www.gstatic.com/firebasejs/10.12.5/firebase.js","packageURL":"https://www.gstatic.com/firebasejs/10.12.5/firebase.tgz"},"live":{"version":"10.12","browserURL":"https://www.gstatic.com/firebasejs/live/10.12/firebase.js","packageURL":"https://www.gstatic.com/firebasejs/live/10.12/firebase.tgz"},"components":{"analytics":"https://www.gstatic.com/firebasejs/10.12.5/firebase-analytics.js","app":"https://www.gstatic.com/firebasejs/10.12.5/firebase-app.js","app-check":"https://www.gstatic.com/firebasejs/10.12.5/firebase-app-check.js","auth":"https://www.gstatic.com/firebasejs/10.12.5/firebase-auth.js","auth/cordova":"https://www.gstatic.com/firebasejs/10.12.5/firebase-auth/cordova.js","auth/web-extension":"https://www.gstatic.com/firebasejs/10.12.5/firebase-auth/web-extension.js","functions":"https://www.gstatic.com/firebasejs/10.12.5/firebase-functions.js","firestore":"https://www.gstatic.com/firebasejs/10.12.5/firebase-firestore.js","firestore/lite":"https://www.gstatic.com/firebasejs/10.12.5/firebase-firestore/lite.js","installations":"https://www.gstatic.com/firebasejs/10.12.5/firebase-installations.js","storage":"https://www.gstatic.com/firebasejs/10.12.5/firebase-storage.js","performance":"https://www.gstatic.com/firebasejs/10.12.5/firebase-performance.js","remote-config":"https://www.gstatic.com/firebasejs/10.12.5/firebase-remote-config.js","messaging":"https://www.gstatic.com/firebasejs/10.12.5/firebase-messaging.js","messaging/sw":"https://www.gstatic.com/firebasejs/10.12.5/firebase-messaging/sw.js","database":"https://www.gstatic.com/firebasejs/10.12.5/firebase-database.js","vertexai-preview":"https://www.gstatic.com/firebasejs/10.12.5/firebase-vertexai-preview.js","firestore.memory":"https://www.gstatic.com/firebasejs/10.12.5/firebase-firestore.memory.js"}}
[info] +  Wrote build/index.html 
[info] 
[info] i  Writing configuration info to firebase.json... 
[info] i  Writing project information to .firebaserc... 
[info] 
[info] +  Firebase initialization complete! 
[debug] [2024-08-12T05:20:24.451Z] Error: Timed out.
    at Timeout._onTimeout (C:\Users\Hp\AppData\Roaming\npm\node_modules\firebase-tools\lib\utils.js:268:49)
    at listOnTimeout (node:internal/timers:573:17)
    at process.processTimers (node:internal/timers:514:7)
[error] 
[error] Error: An unexpected error has occurred.
[debug] [2024-08-12T05:25:36.007Z] ----------------------------------------------------------------------
[debug] [2024-08-12T05:25:36.011Z] Command:       C:\Program Files\nodejs\node.exe C:\Users\Hp\AppData\Roaming\npm\node_modules\firebase-tools\lib\bin\firebase.js deploy
[debug] [2024-08-12T05:25:36.012Z] CLI Version:   13.15.1
[debug] [2024-08-12T05:25:36.012Z] Platform:      win32
[debug] [2024-08-12T05:25:36.012Z] Node Version:  v20.11.0
[debug] [2024-08-12T05:25:36.012Z] Time:          Mon Aug 12 2024 10:55:36 GMT+0530 (India Standard Time)
[debug] [2024-08-12T05:25:36.013Z] ----------------------------------------------------------------------
[debug] 
[debug] [2024-08-12T05:25:36.127Z] > command requires scopes: ["email","openid","https://www.googleapis.com/auth/cloudplatformprojects.readonly","https://www.googleapis.com/auth/firebase","https://www.googleapis.com/auth/cloud-platform"]
[debug] [2024-08-12T05:25:36.128Z] > authorizing via signed-in user (mgpskhushi9746@gmail.com)
[debug] [2024-08-12T05:25:36.128Z] [iam] checking project netflixgpt-e9de3 for permissions ["firebase.projects.get","firebasehosting.sites.update"]
[debug] [2024-08-12T05:25:36.131Z] >>> [apiv2][query] POST https://cloudresourcemanager.googleapis.com/v1/projects/netflixgpt-e9de3:testIamPermissions [none]
[debug] [2024-08-12T05:25:36.131Z] >>> [apiv2][(partial)header] POST https://cloudresourcemanager.googleapis.com/v1/projects/netflixgpt-e9de3:testIamPermissions x-goog-quota-user=projects/netflixgpt-e9de3
[debug] [2024-08-12T05:25:36.131Z] >>> [apiv2][body] POST https://cloudresourcemanager.googleapis.com/v1/projects/netflixgpt-e9de3:testIamPermissions {"permissions":["firebase.projects.get","firebasehosting.sites.update"]}
[debug] [2024-08-12T05:25:38.601Z] <<< [apiv2][status] POST https://cloudresourcemanager.googleapis.com/v1/projects/netflixgpt-e9de3:testIamPermissions 200
[debug] [2024-08-12T05:25:38.602Z] <<< [apiv2][body] POST https://cloudresourcemanager.googleapis.com/v1/projects/netflixgpt-e9de3:testIamPermissions {"permissions":["firebase.projects.get","firebasehosting.sites.update"]}
[debug] [2024-08-12T05:25:38.603Z] >>> [apiv2][query] GET https://firebase.googleapis.com/v1beta1/projects/netflixgpt-e9de3 [none]
[debug] [2024-08-12T05:25:40.230Z] <<< [apiv2][status] GET https://firebase.googleapis.com/v1beta1/projects/netflixgpt-e9de3 200
[debug] [2024-08-12T05:25:40.230Z] <<< [apiv2][body] GET https://firebase.googleapis.com/v1beta1/projects/netflixgpt-e9de3 {"projectId":"netflixgpt-e9de3","projectNumber":"730584765209","displayName":"Netflixgpt","name":"projects/netflixgpt-e9de3","resources":{"hostingSite":"netflixgpt-e9de3"},"state":"ACTIVE","etag":"1_f3809ece-5142-4024-9683-eef7b8346a22"}
[info] 
[info] === Deploying to 'netflixgpt-e9de3'...
[info] 
[info] i  deploying hosting 
[debug] [2024-08-12T05:25:40.240Z] >>> [apiv2][query] POST https://firebasehosting.googleapis.com/v1beta1/projects/-/sites/netflixgpt-e9de3/versions [none]
[debug] [2024-08-12T05:25:40.240Z] >>> [apiv2][body] POST https://firebasehosting.googleapis.com/v1beta1/projects/-/sites/netflixgpt-e9de3/versions {"status":"CREATED","labels":{"deployment-tool":"cli-firebase"}}
[debug] [2024-08-12T05:25:42.409Z] <<< [apiv2][status] POST https://firebasehosting.googleapis.com/v1beta1/projects/-/sites/netflixgpt-e9de3/versions 200
[debug] [2024-08-12T05:25:42.410Z] <<< [apiv2][body] POST https://firebasehosting.googleapis.com/v1beta1/projects/-/sites/netflixgpt-e9de3/versions {"name":"projects/730584765209/sites/netflixgpt-e9de3/versions/ce729e92d01c5f94","status":"CREATED","config":{},"labels":{"deployment-tool":"cli-firebase"}}
[info] i  hosting[netflixgpt-e9de3]: beginning deploy... 
[info] i  hosting[netflixgpt-e9de3]: found 14 files in build 
[debug] [2024-08-12T05:25:42.433Z] [hosting] uploading with 200 concurrency
[debug] [2024-08-12T05:25:42.435Z] [hosting] hash cache [YnVpbGQ] not populated
[debug] [2024-08-12T05:25:42.583Z] [hosting] hash cache [YnVpbGQ] stored for 14 files
[debug] [2024-08-12T05:25:42.584Z] [hosting][hash queue][FINAL] {"max":138,"min":16,"avg":26.5,"active":0,"complete":14,"success":14,"errored":0,"retried":0,"total":14,"elapsed":147}
[debug] [2024-08-12T05:25:42.584Z] >>> [apiv2][query] POST https://firebasehosting.googleapis.com/v1beta1/projects/730584765209/sites/netflixgpt-e9de3/versions/ce729e92d01c5f94:populateFiles [none]
[debug] [2024-08-12T05:25:42.584Z] >>> [apiv2][body] POST https://firebasehosting.googleapis.com/v1beta1/projects/730584765209/sites/netflixgpt-e9de3/versions/ce729e92d01c5f94:populateFiles {"files":{"/robots.txt":"bfe106a3fb878dc83461c86818bf74fc1bdc7f28538ba613cd3e775516ce8b49","/manifest.json":"ee04fb47e525c67d8424ffe9b4d8a8a24e434504478afca4e0ca602146836d4c","/logo512.png":"212b102aa09e51b3b3e06647e81f7801a61333e171f6582e8124379aabccb41d","/logo192.png":"79e2b749561016bc8af300ea19f48347ceed3cb1a54f48ae456172eca45e08f0","/index.html":"19a879a3740e3a63730f4412b5dea725001929bd51747bf55069e93cdcd17a46","/favicon.ico":"27edce7be5922cf0bef7d4136f69b5bfbdd5bf8c13c7b026f71187d41a00aa7d","/asset-manifest.json":"5b531c712ef80723e5bc423ee314e949f5988d86c2f77bb755c1291b86c7819a","/static/js/main.13523177.js.LICENSE.txt":"89ff0225228c25ff4afe462977a0b67dd3827a2d0c5e2dedb89f392b1e283f85","/static/js/453.67699da7.chunk.js.map":"5b10fa16c1d12baa5588875395a303cb7f4bc0d685b037208fb543be49ca6cc0","/static/js/453.67699da7.chunk.js":"17ee6b80e2c6489c8266c9e8e7b73a950d88955379fbfdf13400c5269040ba3d","/static/css/main.a4f6b39b.css.map":"5c90b957f2a337bb3a8d010c4667a1354967e186f6e59a605b5cb5c3e35b63b5","/static/css/main.a4f6b39b.css":"341e534efbc0f6b2930e1700fcf9312f0a90bbd3d12732a46350708249e76c5e","/static/js/main.13523177.js":"2869f880734cd435bcc4c658ba9a0730c858f541ff3c7ffe5aa1a5d3b0600ac1","/static/js/main.13523177.js.map":"5f434f26eda3cbd67afd38715cf93d3603f457132429c9c192c5a30b4facbdea"}}
[debug] [2024-08-12T05:25:43.221Z] <<< [apiv2][status] POST https://firebasehosting.googleapis.com/v1beta1/projects/730584765209/sites/netflixgpt-e9de3/versions/ce729e92d01c5f94:populateFiles 200
[debug] [2024-08-12T05:25:43.222Z] <<< [apiv2][body] POST https://firebasehosting.googleapis.com/v1beta1/projects/730584765209/sites/netflixgpt-e9de3/versions/ce729e92d01c5f94:populateFiles {"uploadRequiredHashes":["bfe106a3fb878dc83461c86818bf74fc1bdc7f28538ba613cd3e775516ce8b49","27edce7be5922cf0bef7d4136f69b5bfbdd5bf8c13c7b026f71187d41a00aa7d","5b10fa16c1d12baa5588875395a303cb7f4bc0d685b037208fb543be49ca6cc0","341e534efbc0f6b2930e1700fcf9312f0a90bbd3d12732a46350708249e76c5e","ee04fb47e525c67d8424ffe9b4d8a8a24e434504478afca4e0ca602146836d4c","212b102aa09e51b3b3e06647e81f7801a61333e171f6582e8124379aabccb41d","79e2b749561016bc8af300ea19f48347ceed3cb1a54f48ae456172eca45e08f0","5f434f26eda3cbd67afd38715cf93d3603f457132429c9c192c5a30b4facbdea","2869f880734cd435bcc4c658ba9a0730c858f541ff3c7ffe5aa1a5d3b0600ac1","5b531c712ef80723e5bc423ee314e949f5988d86c2f77bb755c1291b86c7819a","89ff0225228c25ff4afe462977a0b67dd3827a2d0c5e2dedb89f392b1e283f85","19a879a3740e3a63730f4412b5dea725001929bd51747bf55069e93cdcd17a46","5c90b957f2a337bb3a8d010c4667a1354967e186f6e59a605b5cb5c3e35b63b5","17ee6b80e2c6489c8266c9e8e7b73a950d88955379fbfdf13400c5269040ba3d"],"uploadUrl":"https://upload-firebasehosting.googleapis.com/upload/sites/netflixgpt-e9de3/versions/ce729e92d01c5f94/files"}
[debug] [2024-08-12T05:25:43.227Z] >>> [apiv2][query] POST https://upload-firebasehosting.googleapis.com/upload/sites/netflixgpt-e9de3/versions/ce729e92d01c5f94/files/bfe106a3fb878dc83461c86818bf74fc1bdc7f28538ba613cd3e775516ce8b49 [none]
[debug] [2024-08-12T05:25:43.228Z] >>> [apiv2][body] POST https://upload-firebasehosting.googleapis.com/upload/sites/netflixgpt-e9de3/versions/ce729e92d01c5f94/files/bfe106a3fb878dc83461c86818bf74fc1bdc7f28538ba613cd3e775516ce8b49 [stream]
[debug] [2024-08-12T05:25:43.230Z] >>> [apiv2][query] POST https://upload-firebasehosting.googleapis.com/upload/sites/netflixgpt-e9de3/versions/ce729e92d01c5f94/files/27edce7be5922cf0bef7d4136f69b5bfbdd5bf8c13c7b026f71187d41a00aa7d [none]
[debug] [2024-08-12T05:25:43.230Z] >>> [apiv2][body] POST https://upload-firebasehosting.googleapis.com/upload/sites/netflixgpt-e9de3/versions/ce729e92d01c5f94/files/27edce7be5922cf0bef7d4136f69b5bfbdd5bf8c13c7b026f71187d41a00aa7d [stream]
[debug] [2024-08-12T05:25:43.232Z] >>> [apiv2][query] POST https://upload-firebasehosting.googleapis.com/upload/sites/netflixgpt-e9de3/versions/ce729e92d01c5f94/files/5b10fa16c1d12baa5588875395a303cb7f4bc0d685b037208fb543be49ca6cc0 [none]
[debug] [2024-08-12T05:25:43.232Z] >>> [apiv2][body] POST https://upload-firebasehosting.googleapis.com/upload/sites/netflixgpt-e9de3/versions/ce729e92d01c5f94/files/5b10fa16c1d12baa5588875395a303cb7f4bc0d685b037208fb543be49ca6cc0 [stream]
[debug] [2024-08-12T05:25:43.233Z] >>> [apiv2][query] POST https://upload-firebasehosting.googleapis.com/upload/sites/netflixgpt-e9de3/versions/ce729e92d01c5f94/files/341e534efbc0f6b2930e1700fcf9312f0a90bbd3d12732a46350708249e76c5e [none]
[debug] [2024-08-12T05:25:43.233Z] >>> [apiv2][body] POST https://upload-firebasehosting.googleapis.com/upload/sites/netflixgpt-e9de3/versions/ce729e92d01c5f94/files/341e534efbc0f6b2930e1700fcf9312f0a90bbd3d12732a46350708249e76c5e [stream]
[debug] [2024-08-12T05:25:43.234Z] >>> [apiv2][query] POST https://upload-firebasehosting.googleapis.com/upload/sites/netflixgpt-e9de3/versions/ce729e92d01c5f94/files/ee04fb47e525c67d8424ffe9b4d8a8a24e434504478afca4e0ca602146836d4c [none]
[debug] [2024-08-12T05:25:43.234Z] >>> [apiv2][body] POST https://upload-firebasehosting.googleapis.com/upload/sites/netflixgpt-e9de3/versions/ce729e92d01c5f94/files/ee04fb47e525c67d8424ffe9b4d8a8a24e434504478afca4e0ca602146836d4c [stream]
[debug] [2024-08-12T05:25:43.237Z] >>> [apiv2][query] POST https://upload-firebasehosting.googleapis.com/upload/sites/netflixgpt-e9de3/versions/ce729e92d01c5f94/files/212b102aa09e51b3b3e06647e81f7801a61333e171f6582e8124379aabccb41d [none]
[debug] [2024-08-12T05:25:43.237Z] >>> [apiv2][body] POST https://upload-firebasehosting.googleapis.com/upload/sites/netflixgpt-e9de3/versions/ce729e92d01c5f94/files/212b102aa09e51b3b3e06647e81f7801a61333e171f6582e8124379aabccb41d [stream]
[debug] [2024-08-12T05:25:43.239Z] >>> [apiv2][query] POST https://upload-firebasehosting.googleapis.com/upload/sites/netflixgpt-e9de3/versions/ce729e92d01c5f94/files/79e2b749561016bc8af300ea19f48347ceed3cb1a54f48ae456172eca45e08f0 [none]
[debug] [2024-08-12T05:25:43.239Z] >>> [apiv2][body] POST https://upload-firebasehosting.googleapis.com/upload/sites/netflixgpt-e9de3/versions/ce729e92d01c5f94/files/79e2b749561016bc8af300ea19f48347ceed3cb1a54f48ae456172eca45e08f0 [stream]
[debug] [2024-08-12T05:25:43.240Z] >>> [apiv2][query] POST https://upload-firebasehosting.googleapis.com/upload/sites/netflixgpt-e9de3/versions/ce729e92d01c5f94/files/5f434f26eda3cbd67afd38715cf93d3603f457132429c9c192c5a30b4facbdea [none]
[debug] [2024-08-12T05:25:43.240Z] >>> [apiv2][body] POST https://upload-firebasehosting.googleapis.com/upload/sites/netflixgpt-e9de3/versions/ce729e92d01c5f94/files/5f434f26eda3cbd67afd38715cf93d3603f457132429c9c192c5a30b4facbdea [stream]
[debug] [2024-08-12T05:25:43.242Z] >>> [apiv2][query] POST https://upload-firebasehosting.googleapis.com/upload/sites/netflixgpt-e9de3/versions/ce729e92d01c5f94/files/2869f880734cd435bcc4c658ba9a0730c858f541ff3c7ffe5aa1a5d3b0600ac1 [none]
[debug] [2024-08-12T05:25:43.242Z] >>> [apiv2][body] POST https://upload-firebasehosting.googleapis.com/upload/sites/netflixgpt-e9de3/versions/ce729e92d01c5f94/files/2869f880734cd435bcc4c658ba9a0730c858f541ff3c7ffe5aa1a5d3b0600ac1 [stream]
[debug] [2024-08-12T05:25:43.243Z] >>> [apiv2][query] POST https://upload-firebasehosting.googleapis.com/upload/sites/netflixgpt-e9de3/versions/ce729e92d01c5f94/files/5b531c712ef80723e5bc423ee314e949f5988d86c2f77bb755c1291b86c7819a [none]
[debug] [2024-08-12T05:25:43.243Z] >>> [apiv2][body] POST https://upload-firebasehosting.googleapis.com/upload/sites/netflixgpt-e9de3/versions/ce729e92d01c5f94/files/5b531c712ef80723e5bc423ee314e949f5988d86c2f77bb755c1291b86c7819a [stream]
[debug] [2024-08-12T05:25:43.244Z] >>> [apiv2][query] POST https://upload-firebasehosting.googleapis.com/upload/sites/netflixgpt-e9de3/versions/ce729e92d01c5f94/files/89ff0225228c25ff4afe462977a0b67dd3827a2d0c5e2dedb89f392b1e283f85 [none]
[debug] [2024-08-12T05:25:43.245Z] >>> [apiv2][body] POST https://upload-firebasehosting.googleapis.com/upload/sites/netflixgpt-e9de3/versions/ce729e92d01c5f94/files/89ff0225228c25ff4afe462977a0b67dd3827a2d0c5e2dedb89f392b1e283f85 [stream]
[debug] [2024-08-12T05:25:43.246Z] >>> [apiv2][query] POST https://upload-firebasehosting.googleapis.com/upload/sites/netflixgpt-e9de3/versions/ce729e92d01c5f94/files/19a879a3740e3a63730f4412b5dea725001929bd51747bf55069e93cdcd17a46 [none]
[debug] [2024-08-12T05:25:43.246Z] >>> [apiv2][body] POST https://upload-firebasehosting.googleapis.com/upload/sites/netflixgpt-e9de3/versions/ce729e92d01c5f94/files/19a879a3740e3a63730f4412b5dea725001929bd51747bf55069e93cdcd17a46 [stream]
[debug] [2024-08-12T05:25:43.248Z] >>> [apiv2][query] POST https://upload-firebasehosting.googleapis.com/upload/sites/netflixgpt-e9de3/versions/ce729e92d01c5f94/files/5c90b957f2a337bb3a8d010c4667a1354967e186f6e59a605b5cb5c3e35b63b5 [none]
[debug] [2024-08-12T05:25:43.248Z] >>> [apiv2][body] POST https://upload-firebasehosting.googleapis.com/upload/sites/netflixgpt-e9de3/versions/ce729e92d01c5f94/files/5c90b957f2a337bb3a8d010c4667a1354967e186f6e59a605b5cb5c3e35b63b5 [stream]
[debug] [2024-08-12T05:25:43.249Z] >>> [apiv2][query] POST https://upload-firebasehosting.googleapis.com/upload/sites/netflixgpt-e9de3/versions/ce729e92d01c5f94/files/17ee6b80e2c6489c8266c9e8e7b73a950d88955379fbfdf13400c5269040ba3d [none]
[debug] [2024-08-12T05:25:43.250Z] >>> [apiv2][body] POST https://upload-firebasehosting.googleapis.com/upload/sites/netflixgpt-e9de3/versions/ce729e92d01c5f94/files/17ee6b80e2c6489c8266c9e8e7b73a950d88955379fbfdf13400c5269040ba3d [stream]
[debug] [2024-08-12T05:25:43.251Z] [hosting][populate queue][FINAL] {"max":647,"min":647,"avg":647,"active":0,"complete":1,"success":1,"errored":0,"retried":0,"total":1,"elapsed":671}
[debug] [2024-08-12T05:25:43.251Z] [hosting] uploads queued: 14
[debug] [2024-08-12T05:25:44.933Z] <<< [apiv2][status] POST https://upload-firebasehosting.googleapis.com/upload/sites/netflixgpt-e9de3/versions/ce729e92d01c5f94/files/5b10fa16c1d12baa5588875395a303cb7f4bc0d685b037208fb543be49ca6cc0 200
[debug] [2024-08-12T05:25:44.933Z] <<< [apiv2][body] POST https://upload-firebasehosting.googleapis.com/upload/sites/netflixgpt-e9de3/versions/ce729e92d01c5f94/files/5b10fa16c1d12baa5588875395a303cb7f4bc0d685b037208fb543be49ca6cc0 [stream]
[debug] [2024-08-12T05:25:44.948Z] <<< [apiv2][status] POST https://upload-firebasehosting.googleapis.com/upload/sites/netflixgpt-e9de3/versions/ce729e92d01c5f94/files/79e2b749561016bc8af300ea19f48347ceed3cb1a54f48ae456172eca45e08f0 200
[debug] [2024-08-12T05:25:44.948Z] <<< [apiv2][body] POST https://upload-firebasehosting.googleapis.com/upload/sites/netflixgpt-e9de3/versions/ce729e92d01c5f94/files/79e2b749561016bc8af300ea19f48347ceed3cb1a54f48ae456172eca45e08f0 [stream]
[debug] [2024-08-12T05:25:44.966Z] <<< [apiv2][status] POST https://upload-firebasehosting.googleapis.com/upload/sites/netflixgpt-e9de3/versions/ce729e92d01c5f94/files/17ee6b80e2c6489c8266c9e8e7b73a950d88955379fbfdf13400c5269040ba3d 200
[debug] [2024-08-12T05:25:44.966Z] <<< [apiv2][body] POST https://upload-firebasehosting.googleapis.com/upload/sites/netflixgpt-e9de3/versions/ce729e92d01c5f94/files/17ee6b80e2c6489c8266c9e8e7b73a950d88955379fbfdf13400c5269040ba3d [stream]
[debug] [2024-08-12T05:25:44.989Z] <<< [apiv2][status] POST https://upload-firebasehosting.googleapis.com/upload/sites/netflixgpt-e9de3/versions/ce729e92d01c5f94/files/27edce7be5922cf0bef7d4136f69b5bfbdd5bf8c13c7b026f71187d41a00aa7d 200
[debug] [2024-08-12T05:25:44.989Z] <<< [apiv2][body] POST https://upload-firebasehosting.googleapis.com/upload/sites/netflixgpt-e9de3/versions/ce729e92d01c5f94/files/27edce7be5922cf0bef7d4136f69b5bfbdd5bf8c13c7b026f71187d41a00aa7d [stream]
[debug] [2024-08-12T05:25:45.227Z] <<< [apiv2][status] POST https://upload-firebasehosting.googleapis.com/upload/sites/netflixgpt-e9de3/versions/ce729e92d01c5f94/files/bfe106a3fb878dc83461c86818bf74fc1bdc7f28538ba613cd3e775516ce8b49 200
[debug] [2024-08-12T05:25:45.228Z] <<< [apiv2][body] POST https://upload-firebasehosting.googleapis.com/upload/sites/netflixgpt-e9de3/versions/ce729e92d01c5f94/files/bfe106a3fb878dc83461c86818bf74fc1bdc7f28538ba613cd3e775516ce8b49 [stream]
[debug] [2024-08-12T05:25:45.229Z] <<< [apiv2][status] POST https://upload-firebasehosting.googleapis.com/upload/sites/netflixgpt-e9de3/versions/ce729e92d01c5f94/files/ee04fb47e525c67d8424ffe9b4d8a8a24e434504478afca4e0ca602146836d4c 200
[debug] [2024-08-12T05:25:45.229Z] <<< [apiv2][body] POST https://upload-firebasehosting.googleapis.com/upload/sites/netflixgpt-e9de3/versions/ce729e92d01c5f94/files/ee04fb47e525c67d8424ffe9b4d8a8a24e434504478afca4e0ca602146836d4c [stream]
[debug] [2024-08-12T05:25:45.230Z] <<< [apiv2][status] POST https://upload-firebasehosting.googleapis.com/upload/sites/netflixgpt-e9de3/versions/ce729e92d01c5f94/files/341e534efbc0f6b2930e1700fcf9312f0a90bbd3d12732a46350708249e76c5e 200
[debug] [2024-08-12T05:25:45.230Z] <<< [apiv2][body] POST https://upload-firebasehosting.googleapis.com/upload/sites/netflixgpt-e9de3/versions/ce729e92d01c5f94/files/341e534efbc0f6b2930e1700fcf9312f0a90bbd3d12732a46350708249e76c5e [stream]
[debug] [2024-08-12T05:25:45.231Z] <<< [apiv2][status] POST https://upload-firebasehosting.googleapis.com/upload/sites/netflixgpt-e9de3/versions/ce729e92d01c5f94/files/89ff0225228c25ff4afe462977a0b67dd3827a2d0c5e2dedb89f392b1e283f85 200
[debug] [2024-08-12T05:25:45.231Z] <<< [apiv2][body] POST https://upload-firebasehosting.googleapis.com/upload/sites/netflixgpt-e9de3/versions/ce729e92d01c5f94/files/89ff0225228c25ff4afe462977a0b67dd3827a2d0c5e2dedb89f392b1e283f85 [stream]
[debug] [2024-08-12T05:25:45.656Z] <<< [apiv2][status] POST https://upload-firebasehosting.googleapis.com/upload/sites/netflixgpt-e9de3/versions/ce729e92d01c5f94/files/5b531c712ef80723e5bc423ee314e949f5988d86c2f77bb755c1291b86c7819a 200
[debug] [2024-08-12T05:25:45.657Z] <<< [apiv2][body] POST https://upload-firebasehosting.googleapis.com/upload/sites/netflixgpt-e9de3/versions/ce729e92d01c5f94/files/5b531c712ef80723e5bc423ee314e949f5988d86c2f77bb755c1291b86c7819a [stream]
[debug] [2024-08-12T05:25:45.658Z] <<< [apiv2][status] POST https://upload-firebasehosting.googleapis.com/upload/sites/netflixgpt-e9de3/versions/ce729e92d01c5f94/files/19a879a3740e3a63730f4412b5dea725001929bd51747bf55069e93cdcd17a46 200
[debug] [2024-08-12T05:25:45.658Z] <<< [apiv2][body] POST https://upload-firebasehosting.googleapis.com/upload/sites/netflixgpt-e9de3/versions/ce729e92d01c5f94/files/19a879a3740e3a63730f4412b5dea725001929bd51747bf55069e93cdcd17a46 [stream]
[debug] [2024-08-12T05:25:45.658Z] <<< [apiv2][status] POST https://upload-firebasehosting.googleapis.com/upload/sites/netflixgpt-e9de3/versions/ce729e92d01c5f94/files/212b102aa09e51b3b3e06647e81f7801a61333e171f6582e8124379aabccb41d 200
[debug] [2024-08-12T05:25:45.659Z] <<< [apiv2][body] POST https://upload-firebasehosting.googleapis.com/upload/sites/netflixgpt-e9de3/versions/ce729e92d01c5f94/files/212b102aa09e51b3b3e06647e81f7801a61333e171f6582e8124379aabccb41d [stream]
[debug] [2024-08-12T05:25:45.725Z] <<< [apiv2][status] POST https://upload-firebasehosting.googleapis.com/upload/sites/netflixgpt-e9de3/versions/ce729e92d01c5f94/files/5c90b957f2a337bb3a8d010c4667a1354967e186f6e59a605b5cb5c3e35b63b5 200
[debug] [2024-08-12T05:25:45.725Z] <<< [apiv2][body] POST https://upload-firebasehosting.googleapis.com/upload/sites/netflixgpt-e9de3/versions/ce729e92d01c5f94/files/5c90b957f2a337bb3a8d010c4667a1354967e186f6e59a605b5cb5c3e35b63b5 [stream]
[debug] [2024-08-12T05:25:45.881Z] <<< [apiv2][status] POST https://upload-firebasehosting.googleapis.com/upload/sites/netflixgpt-e9de3/versions/ce729e92d01c5f94/files/2869f880734cd435bcc4c658ba9a0730c858f541ff3c7ffe5aa1a5d3b0600ac1 200
[debug] [2024-08-12T05:25:45.881Z] <<< [apiv2][body] POST https://upload-firebasehosting.googleapis.com/upload/sites/netflixgpt-e9de3/versions/ce729e92d01c5f94/files/2869f880734cd435bcc4c658ba9a0730c858f541ff3c7ffe5aa1a5d3b0600ac1 [stream]
[debug] [2024-08-12T05:25:47.114Z] <<< [apiv2][status] POST https://upload-firebasehosting.googleapis.com/upload/sites/netflixgpt-e9de3/versions/ce729e92d01c5f94/files/5f434f26eda3cbd67afd38715cf93d3603f457132429c9c192c5a30b4facbdea 200
[debug] [2024-08-12T05:25:47.114Z] <<< [apiv2][body] POST https://upload-firebasehosting.googleapis.com/upload/sites/netflixgpt-e9de3/versions/ce729e92d01c5f94/files/5f434f26eda3cbd67afd38715cf93d3603f457132429c9c192c5a30b4facbdea [stream]
[debug] [2024-08-12T05:25:47.115Z] [hosting][upload queue][FINAL] {"max":3889,"min":1710,"avg":2235.785714285714,"active":0,"complete":14,"success":14,"errored":0,"retried":0,"total":14,"elapsed":3893}
[info] +  hosting[netflixgpt-e9de3]: file upload complete 
[debug] [2024-08-12T05:25:47.116Z] [hosting] deploy completed after 4703ms
[debug] [2024-08-12T05:25:47.117Z] [
  {
    "config": {
      "public": "build",
      "ignore": [
        "firebase.json",
        "**/.*",
        "**/node_modules/**"
      ],
      "site": "netflixgpt-e9de3"
    },
    "version": "projects/730584765209/sites/netflixgpt-e9de3/versions/ce729e92d01c5f94"
  }
]
[info] i  hosting[netflixgpt-e9de3]: finalizing version... 
[debug] [2024-08-12T05:25:47.120Z] >>> [apiv2][query] PATCH https://firebasehosting.googleapis.com/v1beta1/projects/-/sites/netflixgpt-e9de3/versions/ce729e92d01c5f94 updateMask=status%2Cconfig
[debug] [2024-08-12T05:25:47.120Z] >>> [apiv2][body] PATCH https://firebasehosting.googleapis.com/v1beta1/projects/-/sites/netflixgpt-e9de3/versions/ce729e92d01c5f94 {"status":"FINALIZED","config":{}}
[debug] [2024-08-12T05:25:48.023Z] <<< [apiv2][status] PATCH https://firebasehosting.googleapis.com/v1beta1/projects/-/sites/netflixgpt-e9de3/versions/ce729e92d01c5f94 200
[debug] [2024-08-12T05:25:48.023Z] <<< [apiv2][body] PATCH https://firebasehosting.googleapis.com/v1beta1/projects/-/sites/netflixgpt-e9de3/versions/ce729e92d01c5f94 {"name":"projects/730584765209/sites/netflixgpt-e9de3/versions/ce729e92d01c5f94","status":"FINALIZED","config":{},"labels":{"deployment-tool":"cli-firebase"},"createTime":"2024-08-12T05:25:44.186066Z","createUser":{"email":"mgpskhushi9746@gmail.com"},"finalizeTime":"2024-08-12T05:25:50.131847Z","finalizeUser":{"email":"mgpskhushi9746@gmail.com"}}
[debug] [2024-08-12T05:25:48.023Z] [hosting] finalized version for netflixgpt-e9de3:[object Object]
[info] +  hosting[netflixgpt-e9de3]: version finalized 
[info] i  hosting[netflixgpt-e9de3]: releasing new version... 
[debug] [2024-08-12T05:25:48.024Z] >>> [apiv2][query] POST https://firebasehosting.googleapis.com/v1beta1/projects/-/sites/netflixgpt-e9de3/channels/live/releases versionName=projects%2F730584765209%2Fsites%2Fnetflixgpt-e9de3%2Fversions%2Fce729e92d01c5f94
[debug] [2024-08-12T05:25:48.025Z] >>> [apiv2][body] POST https://firebasehosting.googleapis.com/v1beta1/projects/-/sites/netflixgpt-e9de3/channels/live/releases {}
[debug] [2024-08-12T05:25:48.751Z] <<< [apiv2][status] POST https://firebasehosting.googleapis.com/v1beta1/projects/-/sites/netflixgpt-e9de3/channels/live/releases 200
[debug] [2024-08-12T05:25:48.751Z] <<< [apiv2][body] POST https://firebasehosting.googleapis.com/v1beta1/projects/-/sites/netflixgpt-e9de3/channels/live/releases {"name":"projects/730584765209/sites/netflixgpt-e9de3/channels/live/releases/1723440350413000","version":{"name":"projects/730584765209/sites/netflixgpt-e9de3/versions/ce729e92d01c5f94","status":"FINALIZED","config":{},"labels":{"deployment-tool":"cli-firebase"},"createTime":"2024-08-12T05:25:44.186066Z","createUser":{"email":"mgpskhushi9746@gmail.com","imageUrl":"https://lh3.googleusercontent.com/a/ACg8ocJ_zcjJbF-_pWvxHRqkqc4lvN2jGX0ViMLXLqJ396v9IyOjqw=mo"},"finalizeTime":"2024-08-12T05:25:50.131847Z","finalizeUser":{"email":"mgpskhushi9746@gmail.com","imageUrl":"https://lh3.googleusercontent.com/a/ACg8ocJ_zcjJbF-_pWvxHRqkqc4lvN2jGX0ViMLXLqJ396v9IyOjqw=mo"}},"type":"DEPLOY","releaseTime":"2024-08-12T05:25:50.413Z","releaseUser":{"email":"mgpskhushi9746@gmail.com","imageUrl":"https://lh3.googleusercontent.com/a/ACg8ocJ_zcjJbF-_pWvxHRqkqc4lvN2jGX0ViMLXLqJ396v9IyOjqw=mo"}}
[debug] [2024-08-12T05:25:48.751Z] [hosting] release: {"name":"projects/730584765209/sites/netflixgpt-e9de3/channels/live/releases/1723440350413000","version":{"name":"projects/730584765209/sites/netflixgpt-e9de3/versions/ce729e92d01c5f94","status":"FINALIZED","config":{},"labels":{"deployment-tool":"cli-firebase"},"createTime":"2024-08-12T05:25:44.186066Z","createUser":{"email":"mgpskhushi9746@gmail.com","imageUrl":"https://lh3.googleusercontent.com/a/ACg8ocJ_zcjJbF-_pWvxHRqkqc4lvN2jGX0ViMLXLqJ396v9IyOjqw=mo"},"finalizeTime":"2024-08-12T05:25:50.131847Z","finalizeUser":{"email":"mgpskhushi9746@gmail.com","imageUrl":"https://lh3.googleusercontent.com/a/ACg8ocJ_zcjJbF-_pWvxHRqkqc4lvN2jGX0ViMLXLqJ396v9IyOjqw=mo"}},"type":"DEPLOY","releaseTime":"2024-08-12T05:25:50.413Z","releaseUser":{"email":"mgpskhushi9746@gmail.com","imageUrl":"https://lh3.googleusercontent.com/a/ACg8ocJ_zcjJbF-_pWvxHRqkqc4lvN2jGX0ViMLXLqJ396v9IyOjqw=mo"}}
[info] +  hosting[netflixgpt-e9de3]: release complete 
[info] 
[info] +  Deploy complete! 
[info] 
[info] Project Console: https://console.firebase.google.com/project/netflixgpt-e9de3/overview
[info] Hosting URL: https://netflixgpt-e9de3.web.app
[debug] [2024-08-12T05:26:16.476Z] Error: Timed out.
    at Timeout._onTimeout (C:\Users\Hp\AppData\Roaming\npm\node_modules\firebase-tools\lib\utils.js:268:49)
    at listOnTimeout (node:internal/timers:573:17)
    at process.processTimers (node:internal/timers:514:7)
[error] 
[error] Error: An unexpected error has occurred.
